{"contracts/NftMarketPlace.sol":{"l":{"58":15,"60":15,"61":1,"63":14,"71":21,"72":21,"73":21,"74":3,"76":18,"80":9,"81":9,"82":3,"84":6,"106":13,"107":1,"110":12,"111":12,"112":1,"115":11,"116":11,"123":3,"124":3,"125":1,"131":2,"134":2,"135":2,"140":2,"151":1,"152":1,"164":2,"165":1,"168":1,"169":1,"173":2,"174":2,"175":1,"177":1,"178":1,"179":1,"180":0,"181":0,"193":3,"197":2},"path":"/home/salman/hardhat/nft-marketPlace/backend/contracts/NftMarketPlace.sol","s":{"1":15,"2":15,"3":21,"4":21,"5":21,"6":9,"7":9,"8":13,"9":12,"10":12,"11":11,"12":3,"13":3,"14":2,"15":2,"16":1,"17":2,"18":1,"19":2,"20":2,"21":1,"22":1,"23":3,"24":2},"b":{"1":[1,14],"2":[3,18],"3":[3,6],"4":[14,1],"5":[13,1],"6":[1,12],"7":[1,11],"8":[4,0],"9":[3,1],"10":[1,2],"11":[2,1],"12":[1,1],"13":[3,1],"14":[2,1],"15":[1,1],"16":[1,1],"17":[0,1]},"f":{"1":15,"2":21,"3":9,"4":13,"5":3,"6":1,"7":2,"8":2,"9":3,"10":2},"fnMap":{"1":{"name":"notListed","line":57,"loc":{"start":{"line":57,"column":4},"end":{"line":64,"column":4}}},"2":{"name":"isOwner","line":66,"loc":{"start":{"line":66,"column":4},"end":{"line":77,"column":4}}},"3":{"name":"isListed","line":79,"loc":{"start":{"line":79,"column":4},"end":{"line":85,"column":4}}},"4":{"name":"listItem","line":104,"loc":{"start":{"line":97,"column":4},"end":{"line":117,"column":4}}},"5":{"name":"buyItem","line":122,"loc":{"start":{"line":119,"column":4},"end":{"line":141,"column":4}}},"6":{"name":"cancelListing","line":149,"loc":{"start":{"line":143,"column":4},"end":{"line":153,"column":4}}},"7":{"name":"updateListing","line":162,"loc":{"start":{"line":155,"column":4},"end":{"line":170,"column":4}}},"8":{"name":"withdrawProceeds","line":172,"loc":{"start":{"line":172,"column":4},"end":{"line":183,"column":4}}},"9":{"name":"getListing","line":189,"loc":{"start":{"line":189,"column":4},"end":{"line":194,"column":4}}},"10":{"name":"getProceeds","line":196,"loc":{"start":{"line":196,"column":4},"end":{"line":198,"column":4}}}},"statementMap":{"1":{"start":{"line":58,"column":8},"end":{"line":58,"column":64}},"2":{"start":{"line":60,"column":8},"end":{"line":60,"column":1631}},"3":{"start":{"line":71,"column":8},"end":{"line":71,"column":41}},"4":{"start":{"line":72,"column":8},"end":{"line":72,"column":46}},"5":{"start":{"line":73,"column":8},"end":{"line":73,"column":1961}},"6":{"start":{"line":80,"column":8},"end":{"line":80,"column":64}},"7":{"start":{"line":81,"column":8},"end":{"line":81,"column":2195}},"8":{"start":{"line":106,"column":8},"end":{"line":106,"column":2800}},"9":{"start":{"line":110,"column":8},"end":{"line":110,"column":41}},"10":{"start":{"line":111,"column":8},"end":{"line":111,"column":2939}},"11":{"start":{"line":116,"column":8},"end":{"line":116,"column":63}},"12":{"start":{"line":123,"column":8},"end":{"line":123,"column":67}},"13":{"start":{"line":124,"column":8},"end":{"line":124,"column":3424}},"14":{"start":{"line":135,"column":8},"end":{"line":135,"column":3784}},"15":{"start":{"line":140,"column":8},"end":{"line":140,"column":74}},"16":{"start":{"line":152,"column":8},"end":{"line":152,"column":58}},"17":{"start":{"line":164,"column":8},"end":{"line":164,"column":4534}},"18":{"start":{"line":169,"column":8},"end":{"line":169,"column":66}},"19":{"start":{"line":173,"column":8},"end":{"line":173,"column":49}},"20":{"start":{"line":174,"column":8},"end":{"line":174,"column":4868}},"21":{"start":{"line":178,"column":8},"end":{"line":178,"column":72}},"22":{"start":{"line":179,"column":8},"end":{"line":179,"column":5066}},"23":{"start":{"line":193,"column":8},"end":{"line":193,"column":46}},"24":{"start":{"line":197,"column":8},"end":{"line":197,"column":33}}},"branchMap":{"1":{"line":60,"type":"if","locations":[{"start":{"line":60,"column":8},"end":{"line":60,"column":8}},{"start":{"line":60,"column":8},"end":{"line":60,"column":8}}]},"2":{"line":73,"type":"if","locations":[{"start":{"line":73,"column":8},"end":{"line":73,"column":8}},{"start":{"line":73,"column":8},"end":{"line":73,"column":8}}]},"3":{"line":81,"type":"if","locations":[{"start":{"line":81,"column":8},"end":{"line":81,"column":8}},{"start":{"line":81,"column":8},"end":{"line":81,"column":8}}]},"4":{"line":103,"type":"if","locations":[{"start":{"line":103,"column":8},"end":{"line":103,"column":8}},{"start":{"line":103,"column":8},"end":{"line":103,"column":8}}]},"5":{"line":104,"type":"if","locations":[{"start":{"line":104,"column":8},"end":{"line":104,"column":8}},{"start":{"line":104,"column":8},"end":{"line":104,"column":8}}]},"6":{"line":106,"type":"if","locations":[{"start":{"line":106,"column":8},"end":{"line":106,"column":8}},{"start":{"line":106,"column":8},"end":{"line":106,"column":8}}]},"7":{"line":111,"type":"if","locations":[{"start":{"line":111,"column":8},"end":{"line":111,"column":8}},{"start":{"line":111,"column":8},"end":{"line":111,"column":8}}]},"8":{"line":122,"type":"if","locations":[{"start":{"line":122,"column":23},"end":{"line":122,"column":23}},{"start":{"line":122,"column":23},"end":{"line":122,"column":23}}]},"9":{"line":122,"type":"if","locations":[{"start":{"line":122,"column":36},"end":{"line":122,"column":36}},{"start":{"line":122,"column":36},"end":{"line":122,"column":36}}]},"10":{"line":124,"type":"if","locations":[{"start":{"line":124,"column":8},"end":{"line":124,"column":8}},{"start":{"line":124,"column":8},"end":{"line":124,"column":8}}]},"11":{"line":148,"type":"if","locations":[{"start":{"line":148,"column":8},"end":{"line":148,"column":8}},{"start":{"line":148,"column":8},"end":{"line":148,"column":8}}]},"12":{"line":149,"type":"if","locations":[{"start":{"line":149,"column":8},"end":{"line":149,"column":8}},{"start":{"line":149,"column":8},"end":{"line":149,"column":8}}]},"13":{"line":161,"type":"if","locations":[{"start":{"line":161,"column":8},"end":{"line":161,"column":8}},{"start":{"line":161,"column":8},"end":{"line":161,"column":8}}]},"14":{"line":162,"type":"if","locations":[{"start":{"line":162,"column":8},"end":{"line":162,"column":8}},{"start":{"line":162,"column":8},"end":{"line":162,"column":8}}]},"15":{"line":164,"type":"if","locations":[{"start":{"line":164,"column":8},"end":{"line":164,"column":8}},{"start":{"line":164,"column":8},"end":{"line":164,"column":8}}]},"16":{"line":174,"type":"if","locations":[{"start":{"line":174,"column":8},"end":{"line":174,"column":8}},{"start":{"line":174,"column":8},"end":{"line":174,"column":8}}]},"17":{"line":179,"type":"if","locations":[{"start":{"line":179,"column":8},"end":{"line":179,"column":8}},{"start":{"line":179,"column":8},"end":{"line":179,"column":8}}]}}},"contracts/test/BasicNft.sol":{"l":{"13":3,"17":17,"18":17,"19":17,"23":0,"27":0},"path":"/home/salman/hardhat/nft-marketPlace/backend/contracts/test/BasicNft.sol","s":{"1":17,"2":17,"3":0,"4":0},"b":{},"f":{"1":3,"2":17,"3":0,"4":0},"fnMap":{"1":{"name":"constructor","line":12,"loc":{"start":{"line":12,"column":4},"end":{"line":14,"column":4}}},"2":{"name":"mintNft","line":16,"loc":{"start":{"line":16,"column":4},"end":{"line":20,"column":4}}},"3":{"name":"tokenURI","line":22,"loc":{"start":{"line":22,"column":4},"end":{"line":24,"column":4}}},"4":{"name":"getTokenCounter","line":26,"loc":{"start":{"line":26,"column":4},"end":{"line":28,"column":4}}}},"statementMap":{"1":{"start":{"line":17,"column":8},"end":{"line":17,"column":46}},"2":{"start":{"line":19,"column":8},"end":{"line":19,"column":29}},"3":{"start":{"line":23,"column":8},"end":{"line":23,"column":24}},"4":{"start":{"line":27,"column":8},"end":{"line":27,"column":29}}},"branchMap":{}}}